#
# There is insufficient memory for the Java Runtime Environment to continue.
# Native memory allocation (mmap) failed to map 54525952 bytes for Failed to commit area from 0x0000000711800000 to 0x0000000714c00000 of length 54525952.
# Possible reasons:
#   The system is out of physical RAM or swap space
#   The process is running with CompressedOops enabled, and the Java Heap may be blocking the growth of the native heap
# Possible solutions:
#   Reduce memory load on the system
#   Increase physical memory or swap space
#   Check if swap backing store is full
#   Decrease Java heap size (-Xmx/-Xms)
#   Decrease number of Java threads
#   Decrease Java thread stack sizes (-Xss)
#   Set larger code cache with -XX:ReservedCodeCacheSize=
#   JVM is running with Zero Based Compressed Oops mode in which the Java heap is
#     placed in the first 32GB address space. The Java Heap base address is the
#     maximum limit for the native heap growth. Please use -XX:HeapBaseMinAddress
#     to set the Java Heap base and to place the Java Heap above 32GB virtual address.
# This output file may be truncated or incomplete.
#
#  Out of Memory Error (./src/hotspot/os/windows/os_windows.cpp:3303), pid=36916, tid=35008
#
# JRE version: OpenJDK Runtime Environment (11.0.7+10) (build 11.0.7+10-LTS)
# Java VM: OpenJDK 64-Bit Server VM (11.0.7+10-LTS, mixed mode, tiered, compressed oops, g1 gc, windows-amd64)
# No core dump will be written. Minidumps are not enabled by default on client versions of Windows
#

---------------  S U M M A R Y ------------

Command Line: -Xverify:none -XX:TieredStopAtLevel=1 com.xyz.shippingservice.ShippingServiceApplication

Host: Intel(R) Core(TM) i7-8550U CPU @ 1.80GHz, 8 cores, 15G,  Windows 10 , 64 bit Build 19041 (10.0.19041.292)
Time: Fri Jul 24 03:49:27 2020 Hora oficial do Brasil elapsed time: 2 seconds (0d 0h 0m 2s)

---------------  T H R E A D  ---------------

Current thread (0x0000025a0a7c9800):  VMThread "VM Thread" [stack: 0x0000008debc00000,0x0000008debd00000] [id=35008]

Stack: [0x0000008debc00000,0x0000008debd00000]
[error occurred during error reporting (printing stack bounds), id 0xc0000005, EXCEPTION_ACCESS_VIOLATION (0xc0000005) at pc=0x0000025a6e4b0dad]

Native frames: (J=compiled Java code, j=interpreted, Vv=VM code, C=native code)
V  [jvm.dll+0x5e3cca]
V  [jvm.dll+0x77a76e]
V  [jvm.dll+0x77be3f]
V  [jvm.dll+0x77c465]
V  [jvm.dll+0x77c41b]
V  [jvm.dll+0x5e32c3]
V  [jvm.dll+0x5e3978]
C  [ntdll.dll+0xa00ef]
C  [ntdll.dll+0x4b474]
C  [ntdll.dll+0x9ec1e]
C  0x0000025a6e4b0dad

VM_Operation (0x0000008deb6faf60): CollectForMetadataAllocation, mode: safepoint, requested by thread 0x0000025a65e7e800


---------------  P R O C E S S  ---------------

Threads class SMR info:
_java_thread_list=0x0000025a0c1536c0, length=12, elements={
0x0000025a65e7e800, 0x0000025a0a800000, 0x0000025a0a7f0000, 0x0000025a0a852000,
0x0000025a0a853000, 0x0000025a0a855000, 0x0000025a0a869800, 0x0000025a0a988800,
0x0000025a0a992800, 0x0000025a0c177800, 0x0000025a0c1db800, 0x0000025a0c1dc000
}

Java Threads: ( => current thread )
  0x0000025a65e7e800 JavaThread "main" [_thread_blocked, id=34984, stack(0x0000008deb600000,0x0000008deb700000)]
  0x0000025a0a800000 JavaThread "Reference Handler" daemon [_thread_blocked, id=36036, stack(0x0000008debd00000,0x0000008debe00000)]
  0x0000025a0a7f0000 JavaThread "Finalizer" daemon [_thread_blocked, id=26456, stack(0x0000008debe00000,0x0000008debf00000)]
  0x0000025a0a852000 JavaThread "Signal Dispatcher" daemon [_thread_blocked, id=33692, stack(0x0000008debf00000,0x0000008dec000000)]
  0x0000025a0a853000 JavaThread "Attach Listener" daemon [_thread_blocked, id=34988, stack(0x0000008dec000000,0x0000008dec100000)]
  0x0000025a0a855000 JavaThread "C1 CompilerThread0" daemon [_thread_blocked, id=37740, stack(0x0000008dec100000,0x0000008dec200000)]
  0x0000025a0a869800 JavaThread "Sweeper thread" daemon [_thread_blocked, id=36244, stack(0x0000008dec200000,0x0000008dec300000)]
  0x0000025a0a988800 JavaThread "Service Thread" daemon [_thread_blocked, id=14652, stack(0x0000008dec300000,0x0000008dec400000)]
  0x0000025a0a992800 JavaThread "Common-Cleaner" daemon [_thread_blocked, id=37088, stack(0x0000008dec500000,0x0000008dec600000)]
  0x0000025a0c177800 JavaThread "Catalina-utility-1" [_thread_blocked, id=37668, stack(0x0000008decc00000,0x0000008decd00000)]
  0x0000025a0c1db800 JavaThread "Catalina-utility-2" [_thread_blocked, id=35136, stack(0x0000008decd00000,0x0000008dece00000)]
  0x0000025a0c1dc000 JavaThread "container-0" [_thread_blocked, id=35376, stack(0x0000008dece00000,0x0000008decf00000)]

Other Threads:
=>0x0000025a0a7c9800 VMThread "VM Thread" [stack: 0x0000008debc00000,0x0000008debd00000] [id=35008]
  0x0000025a0a98b800 WatcherThread [stack: 0x0000008dec400000,0x0000008dec500000] [id=36560]
  0x0000025a65e90800 GCTaskThread "GC Thread#0" [stack: 0x0000008deb700000,0x0000008deb800000] [id=36220]
  0x0000025a0b591800 GCTaskThread "GC Thread#1" [stack: 0x0000008dec700000,0x0000008dec800000] [id=36568]
  0x0000025a0b592800 GCTaskThread "GC Thread#2" [stack: 0x0000008dec800000,0x0000008dec900000] [id=32124]
  0x0000025a0b595000 GCTaskThread "GC Thread#3" [stack: 0x0000008dec900000,0x0000008deca00000] [id=36828]
  0x0000025a0b59c800 GCTaskThread "GC Thread#4" [stack: 0x0000008deca00000,0x0000008decb00000] [id=36540]
  0x0000025a0b59e000 GCTaskThread "GC Thread#5" [stack: 0x0000008decb00000,0x0000008decc00000] [id=36316]
  0x0000025a0b59f800 GCTaskThread "GC Thread#6" [stack: 0x0000008decf00000,0x0000008ded000000] [id=36712]
  0x0000025a0b59a000 GCTaskThread "GC Thread#7" [stack: 0x0000008ded000000,0x0000008ded100000] [id=26836]
  0x0000025a65eef000 ConcurrentGCThread "G1 Main Marker" [stack: 0x0000008deb800000,0x0000008deb900000] [id=36948]
  0x0000025a65ef0800 ConcurrentGCThread "G1 Conc#0" [stack: 0x0000008deb900000,0x0000008deba00000] [id=33536]
  0x0000025a0b59d800 ConcurrentGCThread "G1 Conc#1" [stack: 0x0000008dec600000,0x0000008dec700000] [id=32068]
  0x0000025a7fb7c800 ConcurrentGCThread "G1 Refine#0" [stack: 0x0000008deba00000,0x0000008debb00000] [id=33176]
  0x0000025a7fb7d800 ConcurrentGCThread "G1 Young RemSet Sampling" [stack: 0x0000008debb00000,0x0000008debc00000] [id=10628]

Threads with active compile tasks:

VM state:at safepoint (normal execution)

VM Mutex/Monitor currently owned by a thread:  ([mutex/lock_event])
[0x0000025a65e7a460] Threads_lock - owner thread: 0x0000025a0a7c9800
[0x0000025a65e7bdb0] Heap_lock - owner thread: 0x0000025a65e7e800

Heap address: 0x0000000701800000, size: 4072 MB, Compressed Oops mode: Zero based, Oop shift amount: 3
Narrow klass base: 0x0000000800000000, Narrow klass shift: 0
Compressed class space size: 1073741824 Address: 0x0000000800000000

Heap:
 garbage-first heap   total 315392K, used 16617K [0x0000000701800000, 0x0000000800000000)
  region size 1024K, 10 young (10240K), 10 survivors (10240K)
 Metaspace       used 34931K, capacity 35872K, committed 35888K, reserved 1081344K
  class space    used 4327K, capacity 4726K, committed 4736K, reserved 1048576K
Heap Regions: E=young(eden), S=young(survivor), O=old, HS=humongous(starts), HC=humongous(continues), CS=collection set, F=free, A=archive, TAMS=top-at-mark-start (previous, next)
|   0|0x0000000701800000, 0x0000000701900000, 0x0000000701900000|100%| O|  |TAMS 0x0000000701900000, 0x0000000701900000| Untracked 
|   1|0x0000000701900000, 0x0000000701a00000, 0x0000000701a00000|100%| O|  |TAMS 0x0000000701a00000, 0x0000000701a00000| Untracked 
|   2|0x0000000701a00000, 0x0000000701b00000, 0x0000000701b00000|100%| O|  |TAMS 0x0000000701b00000, 0x0000000701b00000| Untracked 
|   3|0x0000000701b00000, 0x0000000701c00000, 0x0000000701c00000|100%| O|  |TAMS 0x0000000701b4f000, 0x0000000701c00000| Untracked 
|   4|0x0000000701c00000, 0x0000000701d00000, 0x0000000701d00000|100%| O|  |TAMS 0x0000000701c00000, 0x0000000701d00000| Untracked 
|   5|0x0000000701d00000, 0x0000000701e00000, 0x0000000701e00000|100%| O|  |TAMS 0x0000000701d00000, 0x0000000701e00000| Untracked 
|   6|0x0000000701e00000, 0x0000000701e3a600, 0x0000000701f00000| 22%| O|  |TAMS 0x0000000701e00000, 0x0000000701e3a600| Untracked 
|   7|0x0000000701f00000, 0x0000000701f00000, 0x0000000702000000|  0%| F|  |TAMS 0x0000000701f00000, 0x0000000701f00000| Untracked 
|   8|0x0000000702000000, 0x0000000702000000, 0x0000000702100000|  0%| F|  |TAMS 0x0000000702000000, 0x0000000702000000| Untracked 
|   9|0x0000000702100000, 0x0000000702100000, 0x0000000702200000|  0%| F|  |TAMS 0x0000000702100000, 0x0000000702100000| Untracked 
|  10|0x0000000702200000, 0x0000000702200000, 0x0000000702300000|  0%| F|  |TAMS 0x0000000702200000, 0x0000000702200000| Untracked 
|  11|0x0000000702300000, 0x0000000702300000, 0x0000000702400000|  0%| F|  |TAMS 0x0000000702300000, 0x0000000702300000| Untracked 
|  12|0x0000000702400000, 0x0000000702400000, 0x0000000702500000|  0%| F|  |TAMS 0x0000000702400000, 0x0000000702400000| Untracked 
|  13|0x0000000702500000, 0x0000000702500000, 0x0000000702600000|  0%| F|  |TAMS 0x0000000702500000, 0x0000000702500000| Untracked 
|  14|0x0000000702600000, 0x0000000702600000, 0x0000000702700000|  0%| F|  |TAMS 0x0000000702600000, 0x0000000702600000| Untracked 
|  15|0x0000000702700000, 0x0000000702700000, 0x0000000702800000|  0%| F|  |TAMS 0x0000000702700000, 0x0000000702700000| Untracked 
|  16|0x0000000702800000, 0x0000000702800000, 0x0000000702900000|  0%| F|  |TAMS 0x0000000702800000, 0x0000000702800000| Untracked 
|  17|0x0000000702900000, 0x0000000702900000, 0x0000000702a00000|  0%| F|  |TAMS 0x0000000702900000, 0x0000000702900000| Untracked 
|  18|0x0000000702a00000, 0x0000000702a00000, 0x0000000702b00000|  0%| F|  |TAMS 0x0000000702a00000, 0x0000000702a00000| Untracked 
|  19|0x0000000702b00000, 0x0000000702b00000, 0x0000000702c00000|  0%| F|  |TAMS 0x0000000702b00000, 0x0000000702b00000| Untracked 
|  20|0x0000000702c00000, 0x0000000702c00000, 0x0000000702d00000|  0%| F|  |TAMS 0x0000000702c00000, 0x0000000702c00000| Untracked 
|  21|0x0000000702d00000, 0x0000000702d00000, 0x0000000702e00000|  0%| F|  |TAMS 0x0000000702d00000, 0x0000000702d00000| Untracked 
|  22|0x0000000702e00000, 0x0000000702e00000, 0x0000000702f00000|  0%| F|  |TAMS 0x0000000702e00000, 0x0000000702e00000| Untracked 
|  23|0x0000000702f00000, 0x0000000702f00000, 0x0000000703000000|  0%| F|  |TAMS 0x0000000702f00000, 0x0000000702f00000| Untracked 
|  24|0x0000000703000000, 0x0000000703000000, 0x0000000703100000|  0%| F|  |TAMS 0x0000000703000000, 0x0000000703000000| Untracked 
|  25|0x0000000703100000, 0x0000000703100000, 0x0000000703200000|  0%| F|  |TAMS 0x0000000703100000, 0x0000000703100000| Untracked 
|  26|0x0000000703200000, 0x0000000703200000, 0x0000000703300000|  0%| F|  |TAMS 0x0000000703200000, 0x0000000703200000| Untracked 
|  27|0x0000000703300000, 0x0000000703300000, 0x0000000703400000|  0%| F|  |TAMS 0x0000000703300000, 0x0000000703300000| Untracked 
|  28|0x0000000703400000, 0x0000000703400000, 0x0000000703500000|  0%| F|  |TAMS 0x0000000703400000, 0x0000000703400000| Untracked 
|  29|0x0000000703500000, 0x0000000703500000, 0x0000000703600000|  0%| F|  |TAMS 0x0000000703500000, 0x0000000703500000| Untracked 
|  30|0x0000000703600000, 0x0000000703600000, 0x0000000703700000|  0%| F|  |TAMS 0x0000000703600000, 0x0000000703600000| Untracked 
|  31|0x0000000703700000, 0x0000000703700000, 0x0000000703800000|  0%| F|  |TAMS 0x0000000703700000, 0x0000000703700000| Untracked 
|  32|0x0000000703800000, 0x0000000703800000, 0x0000000703900000|  0%| F|  |TAMS 0x0000000703800000, 0x0000000703800000| Untracked 
|  33|0x0000000703900000, 0x0000000703900000, 0x0000000703a00000|  0%| F|  |TAMS 0x0000000703900000, 0x0000000703900000| Untracked 
|  34|0x0000000703a00000, 0x0000000703a00000, 0x0000000703b00000|  0%| F|  |TAMS 0x0000000703a00000, 0x0000000703a00000| Untracked 
|  35|0x0000000703b00000, 0x0000000703b00000, 0x0000000703c00000|  0%| F|  |TAMS 0x0000000703b00000, 0x0000000703b00000| Untracked 
|  36|0x0000000703c00000, 0x0000000703c00000, 0x0000000703d00000|  0%| F|  |TAMS 0x0000000703c00000, 0x0000000703c00000| Untracked 
|  37|0x0000000703d00000, 0x0000000703d00000, 0x0000000703e00000|  0%| F|  |TAMS 0x0000000703d00000, 0x0000000703d00000| Untracked 
|  38|0x0000000703e00000, 0x0000000703e00000, 0x0000000703f00000|  0%| F|  |TAMS 0x0000000703e00000, 0x0000000703e00000| Untracked 
|  39|0x0000000703f00000, 0x0000000703f00000, 0x0000000704000000|  0%| F|  |TAMS 0x0000000703f00000, 0x0000000703f00000| Untracked 
|  40|0x0000000704000000, 0x0000000704000000, 0x0000000704100000|  0%| F|  |TAMS 0x0000000704000000, 0x0000000704000000| Untracked 
|  41|0x0000000704100000, 0x0000000704100000, 0x0000000704200000|  0%| F|  |TAMS 0x0000000704100000, 0x0000000704100000| Untracked 
|  42|0x0000000704200000, 0x0000000704200000, 0x0000000704300000|  0%| F|  |TAMS 0x0000000704200000, 0x0000000704200000| Untracked 
|  43|0x0000000704300000, 0x0000000704300000, 0x0000000704400000|  0%| F|  |TAMS 0x0000000704300000, 0x0000000704300000| Untracked 
|  44|0x0000000704400000, 0x0000000704400000, 0x0000000704500000|  0%| F|  |TAMS 0x0000000704400000, 0x0000000704400000| Untracked 
|  45|0x0000000704500000, 0x0000000704500000, 0x0000000704600000|  0%| F|  |TAMS 0x0000000704500000, 0x0000000704500000| Untracked 
|  46|0x0000000704600000, 0x0000000704600000, 0x0000000704700000|  0%| F|  |TAMS 0x0000000704600000, 0x0000000704600000| Untracked 
|  47|0x0000000704700000, 0x0000000704700000, 0x0000000704800000|  0%| F|  |TAMS 0x0000000704700000, 0x0000000704700000| Untracked 
|  48|0x0000000704800000, 0x0000000704800000, 0x0000000704900000|  0%| F|  |TAMS 0x0000000704800000, 0x0000000704800000| Untracked 
|  49|0x0000000704900000, 0x0000000704900000, 0x0000000704a00000|  0%| F|  |TAMS 0x0000000704900000, 0x0000000704900000| Untracked 
|  50|0x0000000704a00000, 0x0000000704a00000, 0x0000000704b00000|  0%| F|  |TAMS 0x0000000704a00000, 0x0000000704a00000| Untracked 
|  51|0x0000000704b00000, 0x0000000704b00000, 0x0000000704c00000|  0%| F|  |TAMS 0x0000000704b00000, 0x0000000704b00000| Untracked 
|  52|0x0000000704c00000, 0x0000000704c00000, 0x0000000704d00000|  0%| F|  |TAMS 0x0000000704c00000, 0x0000000704c00000| Untracked 
|  53|0x0000000704d00000, 0x0000000704d00000, 0x0000000704e00000|  0%| F|  |TAMS 0x0000000704d00000, 0x0000000704d00000| Untracked 
|  54|0x0000000704e00000, 0x0000000704e00000, 0x0000000704f00000|  0%| F|  |TAMS 0x0000000704e00000, 0x0000000704e00000| Untracked 
|  55|0x0000000704f00000, 0x0000000704f00000, 0x0000000705000000|  0%| F|  |TAMS 0x0000000704f00000, 0x0000000704f00000| Untracked 
|  56|0x0000000705000000, 0x0000000705000000, 0x0000000705100000|  0%| F|  |TAMS 0x0000000705000000, 0x0000000705000000| Untracked 
|  57|0x0000000705100000, 0x0000000705100000, 0x0000000705200000|  0%| F|  |TAMS 0x0000000705100000, 0x0000000705100000| Untracked 
|  58|0x0000000705200000, 0x0000000705200000, 0x0000000705300000|  0%| F|  |TAMS 0x0000000705200000, 0x0000000705200000| Untracked 
|  59|0x0000000705300000, 0x0000000705300000, 0x0000000705400000|  0%| F|  |TAMS 0x0000000705300000, 0x0000000705300000| Untracked 
|  60|0x0000000705400000, 0x0000000705400000, 0x0000000705500000|  0%| F|  |TAMS 0x0000000705400000, 0x0000000705400000| Untracked 
|  61|0x0000000705500000, 0x0000000705500000, 0x0000000705600000|  0%| F|  |TAMS 0x0000000705500000, 0x0000000705500000| Untracked 
|  62|0x0000000705600000, 0x0000000705600000, 0x0000000705700000|  0%| F|  |TAMS 0x0000000705600000, 0x0000000705600000| Untracked 
|  63|0x0000000705700000, 0x0000000705700000, 0x0000000705800000|  0%| F|  |TAMS 0x0000000705700000, 0x0000000705700000| Untracked 
|  64|0x0000000705800000, 0x0000000705800000, 0x0000000705900000|  0%| F|  |TAMS 0x0000000705800000, 0x0000000705800000| Untracked 
|  65|0x0000000705900000, 0x0000000705900000, 0x0000000705a00000|  0%| F|  |TAMS 0x0000000705900000, 0x0000000705900000| Untracked 
|  66|0x0000000705a00000, 0x0000000705a00000, 0x0000000705b00000|  0%| F|  |TAMS 0x0000000705a00000, 0x0000000705a00000| Untracked 
|  67|0x0000000705b00000, 0x0000000705b00000, 0x0000000705c00000|  0%| F|  |TAMS 0x0000000705b00000, 0x0000000705b00000| Untracked 
|  68|0x0000000705c00000, 0x0000000705c00000, 0x0000000705d00000|  0%| F|  |TAMS 0x0000000705c00000, 0x0000000705c00000| Untracked 
|  69|0x0000000705d00000, 0x0000000705d00000, 0x0000000705e00000|  0%| F|  |TAMS 0x0000000705d00000, 0x0000000705d00000| Untracked 
|  70|0x0000000705e00000, 0x0000000705e00000, 0x0000000705f00000|  0%| F|  |TAMS 0x0000000705e00000, 0x0000000705e00000| Untracked 
|  71|0x0000000705f00000, 0x0000000705f00000, 0x0000000706000000|  0%| F|  |TAMS 0x0000000705f00000, 0x0000000705f00000| Untracked 
|  72|0x0000000706000000, 0x0000000706000000, 0x0000000706100000|  0%| F|  |TAMS 0x0000000706000000, 0x0000000706000000| Untracked 
|  73|0x0000000706100000, 0x0000000706100000, 0x0000000706200000|  0%| F|  |TAMS 0x0000000706100000, 0x0000000706100000| Untracked 
|  74|0x0000000706200000, 0x0000000706200000, 0x0000000706300000|  0%| F|  |TAMS 0x0000000706200000, 0x0000000706200000| Untracked 
|  75|0x0000000706300000, 0x0000000706300000, 0x0000000706400000|  0%| F|  |TAMS 0x0000000706300000, 0x0000000706300000| Untracked 
|  76|0x0000000706400000, 0x0000000706400000, 0x0000000706500000|  0%| F|  |TAMS 0x0000000706400000, 0x0000000706400000| Untracked 
|  77|0x0000000706500000, 0x0000000706500000, 0x0000000706600000|  0%| F|  |TAMS 0x0000000706500000, 0x0000000706500000| Untracked 
|  78|0x0000000706600000, 0x0000000706600000, 0x0000000706700000|  0%| F|  |TAMS 0x0000000706600000, 0x0000000706600000| Untracked 
|  79|0x0000000706700000, 0x0000000706700000, 0x0000000706800000|  0%| F|  |TAMS 0x0000000706700000, 0x0000000706700000| Untracked 
|  80|0x0000000706800000, 0x0000000706800000, 0x0000000706900000|  0%| F|  |TAMS 0x0000000706800000, 0x0000000706800000| Untracked 
|  81|0x0000000706900000, 0x0000000706900000, 0x0000000706a00000|  0%| F|  |TAMS 0x0000000706900000, 0x0000000706900000| Untracked 
|  82|0x0000000706a00000, 0x0000000706a00000, 0x0000000706b00000|  0%| F|  |TAMS 0x0000000706a00000, 0x0000000706a00000| Untracked 
|  83|0x0000000706b00000, 0x0000000706b00000, 0x0000000706c00000|  0%| F|  |TAMS 0x0000000706b00000, 0x0000000706b00000| Untracked 
|  84|0x0000000706c00000, 0x0000000706c00000, 0x0000000706d00000|  0%| F|  |TAMS 0x0000000706c00000, 0x0000000706c00000| Untracked 
|  85|0x0000000706d00000, 0x0000000706d00000, 0x0000000706e00000|  0%| F|  |TAMS 0x0000000706d00000, 0x0000000706d00000| Untracked 
|  86|0x0000000706e00000, 0x0000000706e00000, 0x0000000706f00000|  0%| F|  |TAMS 0x0000000706e00000, 0x0000000706e00000| Untracked 
|  87|0x0000000706f00000, 0x0000000706f00000, 0x0000000707000000|  0%| F|  |TAMS 0x0000000706f00000, 0x0000000706f00000| Untracked 
|  88|0x0000000707000000, 0x0000000707000000, 0x0000000707100000|  0%| F|  |TAMS 0x0000000707000000, 0x0000000707000000| Untracked 
|  89|0x0000000707100000, 0x0000000707100000, 0x0000000707200000|  0%| F|  |TAMS 0x0000000707100000, 0x0000000707100000| Untracked 
|  90|0x0000000707200000, 0x0000000707200000, 0x0000000707300000|  0%| F|  |TAMS 0x0000000707200000, 0x0000000707200000| Untracked 
|  91|0x0000000707300000, 0x0000000707300000, 0x0000000707400000|  0%| F|  |TAMS 0x0000000707300000, 0x0000000707300000| Untracked 
|  92|0x0000000707400000, 0x0000000707400000, 0x0000000707500000|  0%| F|  |TAMS 0x0000000707400000, 0x0000000707400000| Untracked 
|  93|0x0000000707500000, 0x0000000707500000, 0x0000000707600000|  0%| F|  |TAMS 0x0000000707500000, 0x0000000707500000| Untracked 
|  94|0x0000000707600000, 0x0000000707600000, 0x0000000707700000|  0%| F|  |TAMS 0x0000000707600000, 0x0000000707600000| Untracked 
|  95|0x0000000707700000, 0x0000000707700000, 0x0000000707800000|  0%| F|  |TAMS 0x0000000707700000, 0x0000000707700000| Untracked 
|  96|0x0000000707800000, 0x0000000707800000, 0x0000000707900000|  0%| F|  |TAMS 0x0000000707800000, 0x0000000707800000| Untracked 
|  97|0x0000000707900000, 0x0000000707900000, 0x0000000707a00000|  0%| F|  |TAMS 0x0000000707900000, 0x0000000707900000| Untracked 
|  98|0x0000000707a00000, 0x0000000707a00000, 0x0000000707b00000|  0%| F|  |TAMS 0x0000000707a00000, 0x0000000707a00000| Untracked 
|  99|0x0000000707b00000, 0x0000000707b00000, 0x0000000707c00000|  0%| F|  |TAMS 0x0000000707b00000, 0x0000000707b00000| Untracked 
| 100|0x0000000707c00000, 0x0000000707c00000, 0x0000000707d00000|  0%| F|  |TAMS 0x0000000707c00000, 0x0000000707c00000| Untracked 
| 101|0x0000000707d00000, 0x0000000707d00000, 0x0000000707e00000|  0%| F|  |TAMS 0x0000000707d00000, 0x0000000707d00000| Untracked 
| 102|0x0000000707e00000, 0x0000000707e00000, 0x0000000707f00000|  0%| F|  |TAMS 0x0000000707e00000, 0x0000000707e00000| Untracked 
| 103|0x0000000707f00000, 0x0000000707f00000, 0x0000000708000000|  0%| F|  |TAMS 0x0000000707f00000, 0x0000000707f00000| Untracked 
| 104|0x0000000708000000, 0x0000000708000000, 0x0000000708100000|  0%| F|  |TAMS 0x0000000708000000, 0x0000000708000000| Untracked 
| 105|0x0000000708100000, 0x0000000708100000, 0x0000000708200000|  0%| F|  |TAMS 0x0000000708100000, 0x0000000708100000| Untracked 
| 106|0x0000000708200000, 0x0000000708200000, 0x0000000708300000|  0%| F|  |TAMS 0x0000000708200000, 0x0000000708200000| Untracked 
| 107|0x0000000708300000, 0x0000000708300000, 0x0000000708400000|  0%| F|  |TAMS 0x0000000708300000, 0x0000000708300000| Untracked 
| 108|0x0000000708400000, 0x0000000708400000, 0x0000000708500000|  0%| F|  |TAMS 0x0000000708400000, 0x0000000708400000| Untracked 
| 109|0x0000000708500000, 0x0000000708500000, 0x0000000708600000|  0%| F|  |TAMS 0x0000000708500000, 0x0000000708500000| Untracked 
| 110|0x0000000708600000, 0x0000000708600000, 0x0000000708700000|  0%| F|  |TAMS 0x0000000708600000, 0x0000000708600000| Untracked 
| 111|0x0000000708700000, 0x0000000708700000, 0x0000000708800000|  0%| F|  |TAMS 0x0000000708700000, 0x0000000708700000| Untracked 
| 112|0x0000000708800000, 0x0000000708800000, 0x0000000708900000|  0%| F|  |TAMS 0x0000000708800000, 0x0000000708800000| Untracked 
| 113|0x0000000708900000, 0x0000000708900000, 0x0000000708a00000|  0%| F|  |TAMS 0x0000000708900000, 0x0000000708900000| Untracked 
| 114|0x0000000708a00000, 0x0000000708a00000, 0x0000000708b00000|  0%| F|  |TAMS 0x0000000708a00000, 0x0000000708a00000| Untracked 
| 115|0x0000000708b00000, 0x0000000708b00000, 0x0000000708c00000|  0%| F|  |TAMS 0x0000000708b00000, 0x0000000708b00000| Untracked 
| 116|0x0000000708c00000, 0x0000000708c00000, 0x0000000708d00000|  0%| F|  |TAMS 0x0000000708c00000, 0x0000000708c00000| Untracked 
| 117|0x0000000708d00000, 0x0000000708d00000, 0x0000000708e00000|  0%| F|  |TAMS 0x0000000708d00000, 0x0000000708d00000| Untracked 
| 118|0x0000000708e00000, 0x0000000708e00000, 0x0000000708f00000|  0%| F|  |TAMS 0x0000000708e00000, 0x0000000708e00000| Untracked 
| 119|0x0000000708f00000, 0x0000000708f00000, 0x0000000709000000|  0%| F|  |TAMS 0x0000000708f00000, 0x0000000708f00000| Untracked 
| 120|0x0000000709000000, 0x0000000709000000, 0x0000000709100000|  0%| F|  |TAMS 0x0000000709000000, 0x0000000709000000| Untracked 
| 121|0x0000000709100000, 0x0000000709100000, 0x0000000709200000|  0%| F|  |TAMS 0x0000000709100000, 0x0000000709100000| Untracked 
| 122|0x0000000709200000, 0x0000000709200000, 0x0000000709300000|  0%| F|  |TAMS 0x0000000709200000, 0x0000000709200000| Untracked 
| 123|0x0000000709300000, 0x0000000709300000, 0x0000000709400000|  0%| F|  |TAMS 0x0000000709300000, 0x0000000709300000| Untracked 
| 124|0x0000000709400000, 0x0000000709400000, 0x0000000709500000|  0%| F|  |TAMS 0x0000000709400000, 0x0000000709400000| Untracked 
| 125|0x0000000709500000, 0x0000000709500000, 0x0000000709600000|  0%| F|  |TAMS 0x0000000709500000, 0x0000000709500000| Untracked 
| 126|0x0000000709600000, 0x0000000709600000, 0x0000000709700000|  0%| F|  |TAMS 0x0000000709600000, 0x0000000709600000| Untracked 
| 127|0x0000000709700000, 0x0000000709700000, 0x0000000709800000|  0%| F|  |TAMS 0x0000000709700000, 0x0000000709700000| Untracked 
| 128|0x0000000709800000, 0x0000000709800000, 0x0000000709900000|  0%| F|  |TAMS 0x0000000709800000, 0x0000000709800000| Untracked 
| 129|0x0000000709900000, 0x0000000709900000, 0x0000000709a00000|  0%| F|  |TAMS 0x0000000709900000, 0x0000000709900000| Untracked 
| 130|0x0000000709a00000, 0x0000000709a00000, 0x0000000709b00000|  0%| F|  |TAMS 0x0000000709a00000, 0x0000000709a00000| Untracked 
| 131|0x0000000709b00000, 0x0000000709b00000, 0x0000000709c00000|  0%| F|  |TAMS 0x0000000709b00000, 0x0000000709b00000| Untracked 
| 132|0x0000000709c00000, 0x0000000709c00000, 0x0000000709d00000|  0%| F|  |TAMS 0x0000000709c00000, 0x0000000709c00000| Untracked 
| 133|0x0000000709d00000, 0x0000000709d00000, 0x0000000709e00000|  0%| F|  |TAMS 0x0000000709d00000, 0x0000000709d00000| Untracked 
| 134|0x0000000709e00000, 0x0000000709e00000, 0x0000000709f00000|  0%| F|  |TAMS 0x0000000709e00000, 0x0000000709e00000| Untracked 
| 135|0x0000000709f00000, 0x0000000709f00000, 0x000000070a000000|  0%| F|  |TAMS 0x0000000709f00000, 0x0000000709f00000| Untracked 
| 136|0x000000070a000000, 0x000000070a000000, 0x000000070a100000|  0%| F|  |TAMS 0x000000070a000000, 0x000000070a000000| Untracked 
| 137|0x000000070a100000, 0x000000070a100000, 0x000000070a200000|  0%| F|  |TAMS 0x000000070a100000, 0x000000070a100000| Untracked 
| 138|0x000000070a200000, 0x000000070a200000, 0x000000070a300000|  0%| F|  |TAMS 0x000000070a200000, 0x000000070a200000| Untracked 
| 139|0x000000070a300000, 0x000000070a300000, 0x000000070a400000|  0%| F|  |TAMS 0x000000070a300000, 0x000000070a300000| Untracked 
| 140|0x000000070a400000, 0x000000070a400000, 0x000000070a500000|  0%| F|  |TAMS 0x000000070a400000, 0x000000070a400000| Untracked 
| 141|0x000000070a500000, 0x000000070a500000, 0x000000070a600000|  0%| F|  |TAMS 0x000000070a500000, 0x000000070a500000| Untracked 
| 142|0x000000070a600000, 0x000000070a600000, 0x000000070a700000|  0%| F|  |TAMS 0x000000070a600000, 0x000000070a600000| Untracked 
| 143|0x000000070a700000, 0x000000070a700000, 0x000000070a800000|  0%| F|  |TAMS 0x000000070a700000, 0x000000070a700000| Untracked 
| 144|0x000000070a800000, 0x000000070a800000, 0x000000070a900000|  0%| F|  |TAMS 0x000000070a800000, 0x000000070a800000| Untracked 
| 145|0x000000070a900000, 0x000000070a900000, 0x000000070aa00000|  0%| F|  |TAMS 0x000000070a900000, 0x000000070a900000| Untracked 
| 146|0x000000070aa00000, 0x000000070aa00000, 0x000000070ab00000|  0%| F|  |TAMS 0x000000070aa00000, 0x000000070aa00000| Untracked 
| 147|0x000000070ab00000, 0x000000070ab00000, 0x000000070ac00000|  0%| F|  |TAMS 0x000000070ab00000, 0x000000070ab00000| Untracked 
| 148|0x000000070ac00000, 0x000000070ac00000, 0x000000070ad00000|  0%| F|  |TAMS 0x000000070ac00000, 0x000000070ac00000| Untracked 
| 149|0x000000070ad00000, 0x000000070ad00000, 0x000000070ae00000|  0%| F|  |TAMS 0x000000070ad00000, 0x000000070ad00000| Untracked 
| 150|0x000000070ae00000, 0x000000070ae00000, 0x000000070af00000|  0%| F|  |TAMS 0x000000070ae00000, 0x000000070ae00000| Untracked 
| 151|0x000000070af00000, 0x000000070af00000, 0x000000070b000000|  0%| F|  |TAMS 0x000000070af00000, 0x000000070af00000| Untracked 
| 152|0x000000070b000000, 0x000000070b000000, 0x000000070b100000|  0%| F|  |TAMS 0x000000070b000000, 0x000000070b000000| Untracked 
| 153|0x000000070b100000, 0x000000070b100000, 0x000000070b200000|  0%| F|  |TAMS 0x000000070b100000, 0x000000070b100000| Untracked 
| 154|0x000000070b200000, 0x000000070b200000, 0x000000070b300000|  0%| F|  |TAMS 0x000000070b200000, 0x000000070b200000| Untracked 
| 155|0x000000070b300000, 0x000000070b300000, 0x000000070b400000|  0%| F|  |TAMS 0x000000070b300000, 0x000000070b300000| Untracked 
| 156|0x000000070b400000, 0x000000070b400000, 0x000000070b500000|  0%| F|  |TAMS 0x000000070b400000, 0x000000070b400000| Untracked 
| 157|0x000000070b500000, 0x000000070b500000, 0x000000070b600000|  0%| F|  |TAMS 0x000000070b500000, 0x000000070b500000| Untracked 
| 158|0x000000070b600000, 0x000000070b600000, 0x000000070b700000|  0%| F|  |TAMS 0x000000070b600000, 0x000000070b600000| Untracked 
| 159|0x000000070b700000, 0x000000070b700000, 0x000000070b800000|  0%| F|  |TAMS 0x000000070b700000, 0x000000070b700000| Untracked 
| 160|0x000000070b800000, 0x000000070b800000, 0x000000070b900000|  0%| F|  |TAMS 0x000000070b800000, 0x000000070b800000| Untracked 
| 161|0x000000070b900000, 0x000000070b900000, 0x000000070ba00000|  0%| F|  |TAMS 0x000000070b900000, 0x000000070b900000| Untracked 
| 162|0x000000070ba00000, 0x000000070ba00000, 0x000000070bb00000|  0%| F|  |TAMS 0x000000070ba00000, 0x000000070ba00000| Untracked 
| 163|0x000000070bb00000, 0x000000070bc00000, 0x000000070bc00000|100%| S|CS|TAMS 0x000000070bb00000, 0x000000070bb00000| Complete 
| 164|0x000000070bc00000, 0x000000070bd00000, 0x000000070bd00000|100%| S|CS|TAMS 0x000000070bc00000, 0x000000070bc00000| Complete 
| 165|0x000000070bd00000, 0x000000070be00000, 0x000000070be00000|100%| S|CS|TAMS 0x000000070bd00000, 0x000000070bd00000| Complete 
| 166|0x000000070be00000, 0x000000070bf00000, 0x000000070bf00000|100%| S|CS|TAMS 0x000000070be00000, 0x000000070be00000| Complete 
| 167|0x000000070bf00000, 0x000000070c000000, 0x000000070c000000|100%| S|CS|TAMS 0x000000070bf00000, 0x000000070bf00000| Complete 
| 168|0x000000070c000000, 0x000000070c100000, 0x000000070c100000|100%| S|CS|TAMS 0x000000070c000000, 0x000000070c000000| Complete 
| 169|0x000000070c100000, 0x000000070c200000, 0x000000070c200000|100%| S|CS|TAMS 0x000000070c100000, 0x000000070c100000| Complete 
| 170|0x000000070c200000, 0x000000070c300000, 0x000000070c300000|100%| S|CS|TAMS 0x000000070c200000, 0x000000070c200000| Complete 
| 171|0x000000070c300000, 0x000000070c400000, 0x000000070c400000|100%| S|CS|TAMS 0x000000070c300000, 0x000000070c300000| Complete 
| 172|0x000000070c400000, 0x000000070c500000, 0x000000070c500000|100%| S|CS|TAMS 0x000000070c400000, 0x000000070c400000| Complete 
| 173|0x000000070c500000, 0x000000070c500000, 0x000000070c600000|  0%| F|  |TAMS 0x000000070c500000, 0x000000070c500000| Untracked 
| 174|0x000000070c600000, 0x000000070c600000, 0x000000070c700000|  0%| F|  |TAMS 0x000000070c600000, 0x000000070c600000| Untracked 
| 175|0x000000070c700000, 0x000000070c700000, 0x000000070c800000|  0%| F|  |TAMS 0x000000070c700000, 0x000000070c700000| Untracked 
| 176|0x000000070c800000, 0x000000070c800000, 0x000000070c900000|  0%| F|  |TAMS 0x000000070c800000, 0x000000070c800000| Untracked 
| 177|0x000000070c900000, 0x000000070c900000, 0x000000070ca00000|  0%| F|  |TAMS 0x000000070c900000, 0x000000070c900000| Untracked 
| 178|0x000000070ca00000, 0x000000070ca00000, 0x000000070cb00000|  0%| F|  |TAMS 0x000000070ca00000, 0x000000070ca00000| Untracked 
| 179|0x000000070cb00000, 0x000000070cb00000, 0x000000070cc00000|  0%| F|  |TAMS 0x000000070cb00000, 0x000000070cb00000| Untracked 
| 180|0x000000070cc00000, 0x000000070cc00000, 0x000000070cd00000|  0%| F|  |TAMS 0x000000070cc00000, 0x000000070cc00000| Untracked 
| 181|0x000000070cd00000, 0x000000070cd00000, 0x000000070ce00000|  0%| F|  |TAMS 0x000000070cd00000, 0x000000070cd00000| Untracked 
| 182|0x000000070ce00000, 0x000000070ce00000, 0x000000070cf00000|  0%| F|  |TAMS 0x000000070ce00000, 0x000000070ce00000| Untracked 
| 183|0x000000070cf00000, 0x000000070cf00000, 0x000000070d000000|  0%| F|  |TAMS 0x000000070cf00000, 0x000000070cf00000| Untracked 
| 184|0x000000070d000000, 0x000000070d000000, 0x000000070d100000|  0%| F|  |TAMS 0x000000070d000000, 0x000000070d000000| Untracked 
| 185|0x000000070d100000, 0x000000070d100000, 0x000000070d200000|  0%| F|  |TAMS 0x000000070d100000, 0x000000070d100000| Untracked 
| 186|0x000000070d200000, 0x000000070d200000, 0x000000070d300000|  0%| F|  |TAMS 0x000000070d200000, 0x000000070d200000| Untracked 
| 187|0x000000070d300000, 0x000000070d300000, 0x000000070d400000|  0%| F|  |TAMS 0x000000070d300000, 0x000000070d300000| Untracked 
| 188|0x000000070d400000, 0x000000070d400000, 0x000000070d500000|  0%| F|  |TAMS 0x000000070d400000, 0x000000070d400000| Untracked 
| 189|0x000000070d500000, 0x000000070d500000, 0x000000070d600000|  0%| F|  |TAMS 0x000000070d500000, 0x000000070d500000| Untracked 
| 190|0x000000070d600000, 0x000000070d600000, 0x000000070d700000|  0%| F|  |TAMS 0x000000070d600000, 0x000000070d600000| Untracked 
| 191|0x000000070d700000, 0x000000070d700000, 0x000000070d800000|  0%| F|  |TAMS 0x000000070d700000, 0x000000070d700000| Untracked 
| 192|0x000000070d800000, 0x000000070d800000, 0x000000070d900000|  0%| F|  |TAMS 0x000000070d800000, 0x000000070d800000| Untracked 
| 193|0x000000070d900000, 0x000000070d900000, 0x000000070da00000|  0%| F|  |TAMS 0x000000070d900000, 0x000000070d900000| Untracked 
| 194|0x000000070da00000, 0x000000070da00000, 0x000000070db00000|  0%| F|  |TAMS 0x000000070da00000, 0x000000070da00000| Untracked 
| 195|0x000000070db00000, 0x000000070db00000, 0x000000070dc00000|  0%| F|  |TAMS 0x000000070db00000, 0x000000070db00000| Untracked 
| 196|0x000000070dc00000, 0x000000070dc00000, 0x000000070dd00000|  0%| F|  |TAMS 0x000000070dc00000, 0x000000070dc00000| Untracked 
| 197|0x000000070dd00000, 0x000000070dd00000, 0x000000070de00000|  0%| F|  |TAMS 0x000000070dd00000, 0x000000070dd00000| Untracked 
| 198|0x000000070de00000, 0x000000070de00000, 0x000000070df00000|  0%| F|  |TAMS 0x000000070de00000, 0x000000070de00000| Untracked 
| 199|0x000000070df00000, 0x000000070df00000, 0x000000070e000000|  0%| F|  |TAMS 0x000000070df00000, 0x000000070df00000| Untracked 
| 200|0x000000070e000000, 0x000000070e000000, 0x000000070e100000|  0%| F|  |TAMS 0x000000070e000000, 0x000000070e000000| Untracked 
| 201|0x000000070e100000, 0x000000070e100000, 0x000000070e200000|  0%| F|  |TAMS 0x000000070e100000, 0x000000070e100000| Untracked 
| 202|0x000000070e200000, 0x000000070e200000, 0x000000070e300000|  0%| F|  |TAMS 0x000000070e200000, 0x000000070e200000| Untracked 
| 203|0x000000070e300000, 0x000000070e300000, 0x000000070e400000|  0%| F|  |TAMS 0x000000070e300000, 0x000000070e300000| Untracked 
| 204|0x000000070e400000, 0x000000070e400000, 0x000000070e500000|  0%| F|  |TAMS 0x000000070e400000, 0x000000070e400000| Untracked 
| 205|0x000000070e500000, 0x000000070e500000, 0x000000070e600000|  0%| F|  |TAMS 0x000000070e500000, 0x000000070e500000| Untracked 
| 206|0x000000070e600000, 0x000000070e600000, 0x000000070e700000|  0%| F|  |TAMS 0x000000070e600000, 0x000000070e600000| Untracked 
| 207|0x000000070e700000, 0x000000070e700000, 0x000000070e800000|  0%| F|  |TAMS 0x000000070e700000, 0x000000070e700000| Untracked 
| 208|0x000000070e800000, 0x000000070e800000, 0x000000070e900000|  0%| F|  |TAMS 0x000000070e800000, 0x000000070e800000| Untracked 
| 209|0x000000070e900000, 0x000000070e900000, 0x000000070ea00000|  0%| F|  |TAMS 0x000000070e900000, 0x000000070e900000| Untracked 
| 210|0x000000070ea00000, 0x000000070ea00000, 0x000000070eb00000|  0%| F|  |TAMS 0x000000070ea00000, 0x000000070ea00000| Untracked 
| 211|0x000000070eb00000, 0x000000070eb00000, 0x000000070ec00000|  0%| F|  |TAMS 0x000000070eb00000, 0x000000070eb00000| Untracked 
| 212|0x000000070ec00000, 0x000000070ec00000, 0x000000070ed00000|  0%| F|  |TAMS 0x000000070ec00000, 0x000000070ec00000| Untracked 
| 213|0x000000070ed00000, 0x000000070ed00000, 0x000000070ee00000|  0%| F|  |TAMS 0x000000070ed00000, 0x000000070ed00000| Untracked 
| 214|0x000000070ee00000, 0x000000070ee00000, 0x000000070ef00000|  0%| F|  |TAMS 0x000000070ee00000, 0x000000070ee00000| Untracked 
| 215|0x000000070ef00000, 0x000000070ef00000, 0x000000070f000000|  0%| F|  |TAMS 0x000000070ef00000, 0x000000070ef00000| Untracked 
| 216|0x000000070f000000, 0x000000070f000000, 0x000000070f100000|  0%| F|  |TAMS 0x000000070f000000, 0x000000070f000000| Untracked 
| 217|0x000000070f100000, 0x000000070f100000, 0x000000070f200000|  0%| F|  |TAMS 0x000000070f100000, 0x000000070f100000| Untracked 
| 218|0x000000070f200000, 0x000000070f200000, 0x000000070f300000|  0%| F|  |TAMS 0x000000070f200000, 0x000000070f200000| Untracked 
| 219|0x000000070f300000, 0x000000070f300000, 0x000000070f400000|  0%| F|  |TAMS 0x000000070f300000, 0x000000070f300000| Untracked 
| 220|0x000000070f400000, 0x000000070f400000, 0x000000070f500000|  0%| F|  |TAMS 0x000000070f400000, 0x000000070f400000| Untracked 
| 221|0x000000070f500000, 0x000000070f500000, 0x000000070f600000|  0%| F|  |TAMS 0x000000070f500000, 0x000000070f500000| Untracked 
| 222|0x000000070f600000, 0x000000070f600000, 0x000000070f700000|  0%| F|  |TAMS 0x000000070f600000, 0x000000070f600000| Untracked 
| 223|0x000000070f700000, 0x000000070f700000, 0x000000070f800000|  0%| F|  |TAMS 0x000000070f700000, 0x000000070f700000| Untracked 
| 224|0x000000070f800000, 0x000000070f800000, 0x000000070f900000|  0%| F|  |TAMS 0x000000070f800000, 0x000000070f800000| Untracked 
| 225|0x000000070f900000, 0x000000070f900000, 0x000000070fa00000|  0%| F|  |TAMS 0x000000070f900000, 0x000000070f900000| Untracked 
| 226|0x000000070fa00000, 0x000000070fa00000, 0x000000070fb00000|  0%| F|  |TAMS 0x000000070fa00000, 0x000000070fa00000| Untracked 
| 227|0x000000070fb00000, 0x000000070fb00000, 0x000000070fc00000|  0%| F|  |TAMS 0x000000070fb00000, 0x000000070fb00000| Untracked 
| 228|0x000000070fc00000, 0x000000070fc00000, 0x000000070fd00000|  0%| F|  |TAMS 0x000000070fc00000, 0x000000070fc00000| Untracked 
| 229|0x000000070fd00000, 0x000000070fd00000, 0x000000070fe00000|  0%| F|  |TAMS 0x000000070fd00000, 0x000000070fd00000| Untracked 
| 230|0x000000070fe00000, 0x000000070fe00000, 0x000000070ff00000|  0%| F|  |TAMS 0x000000070fe00000, 0x000000070fe00000| Untracked 
| 231|0x000000070ff00000, 0x000000070ff00000, 0x0000000710000000|  0%| F|  |TAMS 0x000000070ff00000, 0x000000070ff00000| Untracked 
| 232|0x0000000710000000, 0x0000000710000000, 0x0000000710100000|  0%| F|  |TAMS 0x0000000710000000, 0x0000000710000000| Untracked 
| 233|0x0000000710100000, 0x0000000710100000, 0x0000000710200000|  0%| F|  |TAMS 0x0000000710100000, 0x0000000710100000| Untracked 
| 234|0x0000000710200000, 0x0000000710200000, 0x0000000710300000|  0%| F|  |TAMS 0x0000000710200000, 0x0000000710200000| Untracked 
| 235|0x0000000710300000, 0x0000000710300000, 0x0000000710400000|  0%| F|  |TAMS 0x0000000710300000, 0x0000000710300000| Untracked 
| 236|0x0000000710400000, 0x0000000710400000, 0x0000000710500000|  0%| F|  |TAMS 0x0000000710400000, 0x0000000710400000| Untracked 
| 237|0x0000000710500000, 0x0000000710500000, 0x0000000710600000|  0%| F|  |TAMS 0x0000000710500000, 0x0000000710500000| Untracked 
| 238|0x0000000710600000, 0x0000000710600000, 0x0000000710700000|  0%| F|  |TAMS 0x0000000710600000, 0x0000000710600000| Untracked 
| 239|0x0000000710700000, 0x0000000710700000, 0x0000000710800000|  0%| F|  |TAMS 0x0000000710700000, 0x0000000710700000| Untracked 
| 240|0x0000000710800000, 0x0000000710800000, 0x0000000710900000|  0%| F|  |TAMS 0x0000000710800000, 0x0000000710800000| Untracked 
| 241|0x0000000710900000, 0x0000000710900000, 0x0000000710a00000|  0%| F|  |TAMS 0x0000000710900000, 0x0000000710900000| Untracked 
| 242|0x0000000710a00000, 0x0000000710a00000, 0x0000000710b00000|  0%| F|  |TAMS 0x0000000710a00000, 0x0000000710a00000| Untracked 
| 243|0x0000000710b00000, 0x0000000710b00000, 0x0000000710c00000|  0%| F|  |TAMS 0x0000000710b00000, 0x0000000710b00000| Untracked 
| 244|0x0000000710c00000, 0x0000000710c00000, 0x0000000710d00000|  0%| F|  |TAMS 0x0000000710c00000, 0x0000000710c00000| Untracked 
| 245|0x0000000710d00000, 0x0000000710d00000, 0x0000000710e00000|  0%| F|  |TAMS 0x0000000710d00000, 0x0000000710d00000| Untracked 
| 246|0x0000000710e00000, 0x0000000710e00000, 0x0000000710f00000|  0%| F|  |TAMS 0x0000000710e00000, 0x0000000710e00000| Untracked 
| 247|0x0000000710f00000, 0x0000000710f00000, 0x0000000711000000|  0%| F|  |TAMS 0x0000000710f00000, 0x0000000710f00000| Untracked 
| 248|0x0000000711000000, 0x0000000711000000, 0x0000000711100000|  0%| F|  |TAMS 0x0000000711000000, 0x0000000711000000| Untracked 
| 249|0x0000000711100000, 0x0000000711100000, 0x0000000711200000|  0%| F|  |TAMS 0x0000000711100000, 0x0000000711100000| Untracked 
| 250|0x0000000711200000, 0x0000000711200000, 0x0000000711300000|  0%| F|  |TAMS 0x0000000711200000, 0x0000000711200000| Untracked 
| 251|0x0000000711300000, 0x0000000711300000, 0x0000000711400000|  0%| F|  |TAMS 0x0000000711300000, 0x0000000711300000| Untracked 
| 252|0x0000000711400000, 0x0000000711400000, 0x0000000711500000|  0%| F|  |TAMS 0x0000000711400000, 0x0000000711400000| Untracked 
| 253|0x0000000711500000, 0x0000000711500000, 0x0000000711600000|  0%| F|  |TAMS 0x0000000711500000, 0x0000000711500000| Untracked 
| 254|0x0000000711600000, 0x0000000711600000, 0x0000000711700000|  0%| F|  |TAMS 0x0000000711600000, 0x0000000711600000| Untracked 
| 255|0x0000000711700000, 0x0000000711700000, 0x0000000711800000|  0%| F|  |TAMS 0x0000000711700000, 0x0000000711700000| Untracked 

Card table byte_map: [0x0000025a7e0f0000,0x0000025a7e8f0000] _byte_map_base: 0x0000025a7a8e4000

Marking Bits (Prev, Next): (CMBitMap*) 0x0000025a65ede330, (CMBitMap*) 0x0000025a65ede2f8
 Prev Bits: [0x0000025a03fa0000, 0x0000025a07f40000)
 Next Bits: [0x0000025a00000000, 0x0000025a03fa0000)

Polling page: 0x0000025a639a0000

Metaspace:

Usage:
  Non-class:     30.42 MB capacity,    29.89 MB ( 98%) used,   429.26 KB (  1%) free+waste,   112.69 KB ( <1%) overhead. 
      Class:      4.62 MB capacity,     4.23 MB ( 92%) used,   342.63 KB (  7%) free+waste,    55.63 KB (  1%) overhead. 
       Both:     35.03 MB capacity,    34.11 MB ( 97%) used,   771.89 KB (  2%) free+waste,   168.31 KB ( <1%) overhead. 

Virtual space:
  Non-class space:       32.00 MB reserved,      30.42 MB ( 95%) committed 
      Class space:        1.00 GB reserved,       4.63 MB ( <1%) committed 
             Both:        1.03 GB reserved,      35.05 MB (  3%) committed 

Chunk freelists:
   Non-Class:  6.00 KB
       Class:  10.00 KB
        Both:  16.00 KB

MaxMetaspaceSize: 17179869184.00 GB
CompressedClassSpaceSize: 1.00 GB

CodeHeap 'non-profiled nmethods': size=238336Kb used=6073Kb max_used=6073Kb free=232262Kb
 bounds [0x0000025a6ebf0000, 0x0000025a6f1e0000, 0x0000025a7d4b0000]
CodeHeap 'non-nmethods': size=7424Kb used=1151Kb max_used=1151Kb free=6272Kb
 bounds [0x0000025a6e4b0000, 0x0000025a6e720000, 0x0000025a6ebf0000]
 total_blobs=4388 nmethods=3638 adapters=390
 compilation: enabled
              stopped_count=0, restarted_count=0
 full_count=0

Compilation events (20 events):
Event: 2.724 Thread 0x0000025a0a855000 3641       1       java.util.concurrent.ConcurrentHashMap$CollectionView::size (8 bytes)
Event: 2.724 Thread 0x0000025a0a855000 nmethod 3641 0x0000025a6f1d9d10 code [0x0000025a6f1d9ec0, 0x0000025a6f1da050]
Event: 2.724 Thread 0x0000025a0a855000 3642       1       org.apache.catalina.core.ApplicationContextFacade::getInitParameterNames (25 bytes)
Event: 2.724 Thread 0x0000025a0a855000 nmethod 3642 0x0000025a6f1da110 code [0x0000025a6f1da2c0, 0x0000025a6f1da410]
Event: 2.724 Thread 0x0000025a0a855000 3643       1       org.apache.catalina.core.ApplicationContext::getInitParameterNames (60 bytes)
Event: 2.724 Thread 0x0000025a0a855000 nmethod 3643 0x0000025a6f1da510 code [0x0000025a6f1da720, 0x0000025a6f1dab60]
Event: 2.724 Thread 0x0000025a0a855000 3644       1       org.springframework.web.context.support.ServletContextPropertySource::getPropertyNames (16 bytes)
Event: 2.724 Thread 0x0000025a0a855000 nmethod 3644 0x0000025a6f1dad90 code [0x0000025a6f1daf80, 0x0000025a6f1db250]
Event: 2.724 Thread 0x0000025a0a855000 3645       1       org.springframework.util.StringUtils::toStringArray (18 bytes)
Event: 2.725 Thread 0x0000025a0a855000 nmethod 3645 0x0000025a6f1db390 code [0x0000025a6f1db5a0, 0x0000025a6f1dbb30]
Event: 2.725 Thread 0x0000025a0a855000 3646       1       java.util.Collections::list (33 bytes)
Event: 2.725 Thread 0x0000025a0a855000 nmethod 3646 0x0000025a6f1dbe10 code [0x0000025a6f1dc020, 0x0000025a6f1dc4c0]
Event: 2.725 Thread 0x0000025a0a855000 3647   !   1       org.springframework.context.annotation.CommonAnnotationBeanPostProcessor::findResourceMetadata (124 bytes)
Event: 2.726 Thread 0x0000025a0a855000 nmethod 3647 0x0000025a6f1dc710 code [0x0000025a6f1dc940, 0x0000025a6f1dcf60]
Event: 2.726 Thread 0x0000025a0a855000 3648   !   1       org.springframework.beans.factory.annotation.AutowiredAnnotationBeanPostProcessor::findAutowiringMetadata (124 bytes)
Event: 2.726 Thread 0x0000025a0a855000 nmethod 3648 0x0000025a6f1dd310 code [0x0000025a6f1dd540, 0x0000025a6f1ddb60]
Event: 2.726 Thread 0x0000025a0a855000 3649       1       org.springframework.beans.factory.annotation.InjectionMetadata::forElements (25 bytes)
Event: 2.726 Thread 0x0000025a0a855000 nmethod 3649 0x0000025a6f1ddf10 code [0x0000025a6f1de0e0, 0x0000025a6f1de350]
Event: 2.726 Thread 0x0000025a0a855000 3650       1       org.springframework.beans.factory.annotation.InitDestroyAnnotationBeanPostProcessor$1::hasDestroyMethods (2 bytes)
Event: 2.726 Thread 0x0000025a0a855000 nmethod 3650 0x0000025a6f1de410 code [0x0000025a6f1de5c0, 0x0000025a6f1de6d8]

GC Heap History (9 events):
Event: 0.493 GC heap before
{Heap before GC invocations=0 (full 0):
 garbage-first heap   total 262144K, used 23552K [0x0000000701800000, 0x0000000800000000)
  region size 1024K, 24 young (24576K), 0 survivors (0K)
 Metaspace       used 10540K, capacity 10805K, committed 10880K, reserved 1058816K
  class space    used 1045K, capacity 1137K, committed 1152K, reserved 1048576K
}
Event: 0.496 GC heap after
{Heap after GC invocations=1 (full 0):
 garbage-first heap   total 262144K, used 6460K [0x0000000701800000, 0x0000000800000000)
  region size 1024K, 3 young (3072K), 3 survivors (3072K)
 Metaspace       used 10540K, capacity 10805K, committed 10880K, reserved 1058816K
  class space    used 1045K, capacity 1137K, committed 1152K, reserved 1048576K
}
Event: 0.978 GC heap before
{Heap before GC invocations=1 (full 0):
 garbage-first heap   total 262144K, used 58684K [0x0000000701800000, 0x0000000800000000)
  region size 1024K, 55 young (56320K), 3 survivors (3072K)
 Metaspace       used 20720K, capacity 21190K, committed 21296K, reserved 1069056K
  class space    used 2440K, capacity 2638K, committed 2688K, reserved 1048576K
}
Event: 0.983 GC heap after
{Heap after GC invocations=2 (full 0):
 garbage-first heap   total 262144K, used 9032K [0x0000000701800000, 0x0000000800000000)
  region size 1024K, 6 young (6144K), 6 survivors (6144K)
 Metaspace       used 20720K, capacity 21190K, committed 21296K, reserved 1069056K
  class space    used 2440K, capacity 2638K, committed 2688K, reserved 1048576K
}
Event: 1.622 GC heap before
{Heap before GC invocations=3 (full 0):
 garbage-first heap   total 262144K, used 67400K [0x0000000701800000, 0x0000000800000000)
  region size 1024K, 63 young (64512K), 6 survivors (6144K)
 Metaspace       used 25467K, capacity 26089K, committed 26416K, reserved 1073152K
  class space    used 3096K, capacity 3352K, committed 3456K, reserved 1048576K
}
Event: 1.627 GC heap after
{Heap after GC invocations=4 (full 0):
 garbage-first heap   total 262144K, used 11497K [0x0000000701800000, 0x0000000800000000)
  region size 1024K, 5 young (5120K), 5 survivors (5120K)
 Metaspace       used 25467K, capacity 26089K, committed 26416K, reserved 1073152K
  class space    used 3096K, capacity 3352K, committed 3456K, reserved 1048576K
}
Event: 1.868 GC heap before
{Heap before GC invocations=4 (full 0):
 garbage-first heap   total 262144K, used 102633K [0x0000000701800000, 0x0000000800000000)
  region size 1024K, 94 young (96256K), 5 survivors (5120K)
 Metaspace       used 27051K, capacity 27704K, committed 27952K, reserved 1073152K
  class space    used 3340K, capacity 3605K, committed 3712K, reserved 1048576K
}
Event: 1.873 GC heap after
{Heap after GC invocations=5 (full 0):
 garbage-first heap   total 262144K, used 12372K [0x0000000701800000, 0x0000000800000000)
  region size 1024K, 6 young (6144K), 6 survivors (6144K)
 Metaspace       used 27051K, capacity 27704K, committed 27952K, reserved 1073152K
  class space    used 3340K, capacity 3605K, committed 3712K, reserved 1048576K
}
Event: 2.726 GC heap before
{Heap before GC invocations=5 (full 0):
 garbage-first heap   total 262144K, used 96340K [0x0000000701800000, 0x0000000800000000)
  region size 1024K, 89 young (91136K), 6 survivors (6144K)
 Metaspace       used 34931K, capacity 35872K, committed 35888K, reserved 1081344K
  class space    used 4327K, capacity 4726K, committed 4736K, reserved 1048576K
}

Deoptimization events (0 events):
No events

Classes redefined (0 events):
No events

Internal exceptions (20 events):
Event: 2.475 Thread 0x0000025a65e7e800 Exception <a 'java/lang/NoSuchMethodError'{0x000000070dea12b8}: 'int java.lang.invoke.DirectMethodHandle$Holder.invokeInterface(java.lang.Object, java.lang.Object, java.lang.Object, java.lang.Object)'> (0x000000070dea12b8) thrown at [./src/hotspot/share/interpreter/linkResolver.cpp, line 773]
Event: 2.499 Thread 0x0000025a65e7e800 Exception <a 'java/io/FileNotFoundException'{0x000000070dcd2830}> (0x000000070dcd2830) thrown at [./src/hotspot/share/prims/jni.cpp, line 615]
Event: 2.546 Thread 0x0000025a65e7e800 Exception <a 'java/lang/NoSuchMethodError'{0x000000070d7d8078}: 'java.lang.Object java.lang.invoke.DirectMethodHandle$Holder.invokeInterface(java.lang.Object, java.lang.Object, java.lang.Object, java.lang.Object)'> (0x000000070d7d8078) thrown at [./src/hotspot/share/interpreter/linkResolver.cpp, line 773]
Event: 2.568 Thread 0x0000025a65e7e800 Exception <a 'java/lang/ClassNotFoundException'{0x000000070d54eba0}: java/lang/ObjectCustomizer> (0x000000070d54eba0) thrown at [./src/hotspot/share/classfile/systemDictionary.cpp, line 231]
Event: 2.569 Thread 0x0000025a65e7e800 Exception <a 'java/lang/ClassNotFoundException'{0x000000070d566748}: org/springframework/web/servlet/config/annotation/WebMvcConfigurationSupportCustomizer> (0x000000070d566748) thrown at [./src/hotspot/share/classfile/systemDictionary.cpp, line 231]
Event: 2.569 Thread 0x0000025a65e7e800 Exception <a 'java/lang/ClassNotFoundException'{0x000000070d589460}: org/springframework/web/servlet/config/annotation/DelegatingWebMvcConfigurationCustomizer> (0x000000070d589460) thrown at [./src/hotspot/share/classfile/systemDictionary.cpp, line 231]
Event: 2.569 Thread 0x0000025a65e7e800 Exception <a 'java/lang/ClassNotFoundException'{0x000000070d5a5830}: org/springframework/boot/autoconfigure/web/servlet/WebMvcAutoConfiguration$EnableWebMvcConfigurationCustomizer> (0x000000070d5a5830) thrown at [./src/hotspot/share/classfile/systemDictionary.cpp, line 231]
Event: 2.571 Thread 0x0000025a65e7e800 Exception <a 'java/lang/ClassNotFoundException'{0x000000070d5c2c00}: org/springframework/context/ResourceLoaderAwareCustomizer> (0x000000070d5c2c00) thrown at [./src/hotspot/share/classfile/systemDictionary.cpp, line 231]
Event: 2.571 Thread 0x0000025a65e7e800 Exception <a 'java/lang/ClassNotFoundException'{0x000000070d5d27c0}: org/springframework/beans/factory/AwareCustomizer> (0x000000070d5d27c0) thrown at [./src/hotspot/share/classfile/systemDictionary.cpp, line 231]
Event: 2.572 Thread 0x0000025a65e7e800 Exception <a 'java/lang/ClassNotFoundException'{0x000000070d5e37d0}: org/springframework/context/ApplicationContextAwareCustomizer> (0x000000070d5e37d0) thrown at [./src/hotspot/share/classfile/systemDictionary.cpp, line 231]
Event: 2.572 Thread 0x0000025a65e7e800 Exception <a 'java/lang/ClassNotFoundException'{0x000000070d5f3d20}: org/springframework/beans/factory/AwareCustomizer> (0x000000070d5f3d20) thrown at [./src/hotspot/share/classfile/systemDictionary.cpp, line 231]
Event: 2.573 Thread 0x0000025a65e7e800 Exception <a 'java/lang/ClassNotFoundException'{0x000000070d4051c0}: org/springframework/web/context/ServletContextAwareCustomizer> (0x000000070d4051c0) thrown at [./src/hotspot/share/classfile/systemDictionary.cpp, line 231]
Event: 2.573 Thread 0x0000025a65e7e800 Exception <a 'java/lang/ClassNotFoundException'{0x000000070d4151f8}: org/springframework/beans/factory/AwareCustomizer> (0x000000070d4151f8) thrown at [./src/hotspot/share/classfile/systemDictionary.cpp, line 231]
Event: 2.583 Thread 0x0000025a65e7e800 Exception <a 'java/lang/NoSuchMethodError'{0x000000070d45e208}: 'void java.lang.invoke.DirectMethodHandle$Holder.invokeVirtual(java.lang.Object, java.lang.Object, java.lang.Object, java.lang.Object)'> (0x000000070d45e208) thrown at [./src/hotspot/share/interpreter/linkResolver.cpp, line 773]
Event: 2.603 Thread 0x0000025a65e7e800 Exception <a 'java/lang/NoSuchMethodError'{0x000000070d2741f8}: 'int java.lang.invoke.DirectMethodHandle$Holder.invokeStaticInit(java.lang.Object)'> (0x000000070d2741f8) thrown at [./src/hotspot/share/interpreter/linkResolver.cpp, line 773]
Event: 2.604 Thread 0x0000025a65e7e800 Exception <a 'java/lang/NoSuchMethodError'{0x000000070d279118}: 'int java.lang.invoke.DirectMethodHandle$Holder.invokeVirtual(java.lang.Object, java.lang.Object, java.lang.Object)'> (0x000000070d279118) thrown at [./src/hotspot/share/interpreter/linkResolver.cpp, line 773]
Event: 2.647 Thread 0x0000025a65e7e800 Exception <a 'java/lang/NoSuchMethodError'{0x000000070cdd3738}: 'void java.lang.invoke.DirectMethodHandle$Holder.invokeVirtual(java.lang.Object, java.lang.Object, int)'> (0x000000070cdd3738) thrown at [./src/hotspot/share/interpreter/linkResolver.cpp, line 773]
Event: 2.700 Thread 0x0000025a65e7e800 Exception <a 'java/lang/NoSuchMethodError'{0x000000070c8b1c30}: 'java.lang.Object java.lang.invoke.DirectMethodHandle$Holder.invokeInterface(java.lang.Object, java.lang.Object, java.lang.Object)'> (0x000000070c8b1c30) thrown at [./src/hotspot/share/interpreter/linkResolver.cpp, line 773]
Event: 2.700 Thread 0x0000025a65e7e800 Exception <a 'java/lang/IncompatibleClassChangeError'{0x000000070c8b4bb8}: Found class java.lang.Object, but interface was expected> (0x000000070c8b4bb8) thrown at [./src/hotspot/share/interpreter/linkResolver.cpp, line 839]
Event: 2.715 Thread 0x0000025a65e7e800 Exception <a 'java/lang/NoSuchMethodError'{0x000000070c61a248}: 'int java.lang.invoke.DirectMethodHandle$Holder.invokeStaticInit(java.lang.Object, java.lang.Object, java.lang.Object, java.lang.Object)'> (0x000000070c61a248) thrown at [./src/hotspot/share/interpreter/linkResolver.cpp, line 773]

Events (20 events):
Event: 2.716 loading class org/springframework/web/servlet/view/AbstractUrlBasedView done
Event: 2.717 loading class org/springframework/web/servlet/view/AbstractView
Event: 2.717 loading class org/springframework/web/servlet/view/AbstractView done
Event: 2.718 loading class org/springframework/web/servlet/view/ContentNegotiatingViewResolver$1
Event: 2.718 loading class org/springframework/web/servlet/view/ContentNegotiatingViewResolver$1 done
Event: 2.721 loading class org/springframework/cloud/endpoint/event/RefreshEvent
Event: 2.721 loading class org/springframework/cloud/endpoint/event/RefreshEvent done
Event: 2.725 loading class com/google/gson/LongSerializationPolicy$1
Event: 2.725 loading class com/google/gson/LongSerializationPolicy$1 done
Event: 2.726 loading class com/google/gson/LongSerializationPolicy$2
Event: 2.726 loading class com/google/gson/LongSerializationPolicy$2 done
Event: 2.726 loading class com/google/gson/FieldNamingPolicy$1
Event: 2.726 loading class com/google/gson/FieldNamingPolicy$1 done
Event: 2.726 loading class com/google/gson/FieldNamingPolicy$2
Event: 2.726 loading class com/google/gson/FieldNamingPolicy$2 done
Event: 2.726 loading class com/google/gson/FieldNamingPolicy$3
Event: 2.726 loading class com/google/gson/FieldNamingPolicy$3 done
Event: 2.726 loading class com/google/gson/FieldNamingPolicy$4
Event: 2.726 loading class com/google/gson/FieldNamingPolicy$4 done
Event: 2.726 Executing VM operation: CollectForMetadataAllocation


Dynamic libraries:
0x00007ff6c5d10000 - 0x00007ff6c5d72000 	C:\Program Files\RedHat\java-11-openjdk-11.0.7-1\bin\java.exe
0x00007ffe6ea10000 - 0x00007ffe6ec04000 	C:\WINDOWS\SYSTEM32\ntdll.dll
0x00007ffe6cf20000 - 0x00007ffe6cfdd000 	C:\WINDOWS\System32\KERNEL32.DLL
0x00007ffe6c210000 - 0x00007ffe6c4d7000 	C:\WINDOWS\System32\KERNELBASE.dll
0x00007ffe69450000 - 0x00007ffe694e0000 	C:\WINDOWS\SYSTEM32\apphelp.dll
0x00007ffe6c640000 - 0x00007ffe6c740000 	C:\WINDOWS\System32\ucrtbase.dll
0x00007ffe58020000 - 0x00007ffe58038000 	C:\Program Files\RedHat\java-11-openjdk-11.0.7-1\bin\jli.dll
0x00007ffe6ca80000 - 0x00007ffe6cc20000 	C:\WINDOWS\System32\USER32.dll
0x00007ffe6c560000 - 0x00007ffe6c582000 	C:\WINDOWS\System32\win32u.dll
0x00007ffe6e300000 - 0x00007ffe6e32a000 	C:\WINDOWS\System32\GDI32.dll
0x00007ffe6c770000 - 0x00007ffe6c87a000 	C:\WINDOWS\System32\gdi32full.dll
0x00007ffe6c9e0000 - 0x00007ffe6ca7d000 	C:\WINDOWS\System32\msvcp_win.dll
0x00007ffe5ef80000 - 0x00007ffe5f21a000 	C:\WINDOWS\WinSxS\amd64_microsoft.windows.common-controls_6595b64144ccf1df_6.0.19041.1_none_b555e41d4684ddec\COMCTL32.dll
0x00007ffe6cd20000 - 0x00007ffe6cdbe000 	C:\WINDOWS\System32\msvcrt.dll
0x00007ffe57fc0000 - 0x00007ffe57fd5000 	C:\Program Files\RedHat\java-11-openjdk-11.0.7-1\bin\VCRUNTIME140.dll
0x00007ffe6cc20000 - 0x00007ffe6cc50000 	C:\WINDOWS\System32\IMM32.DLL
0x00007e1100000000 - 0x00007e110006e000 	D:\cmder\vendor\conemu-maximus5\ConEmu\ConEmuHk64.dll
0x00007ffe41910000 - 0x00007ffe419ab000 	C:\Program Files\RedHat\java-11-openjdk-11.0.7-1\bin\msvcp140.dll
0x00007ffe2dfd0000 - 0x00007ffe2eb16000 	C:\Program Files\RedHat\java-11-openjdk-11.0.7-1\bin\server\jvm.dll
0x00007ffe6e390000 - 0x00007ffe6e43a000 	C:\WINDOWS\System32\ADVAPI32.dll
0x00007ffe6d960000 - 0x00007ffe6d9fb000 	C:\WINDOWS\System32\sechost.dll
0x00007ffe6e7e0000 - 0x00007ffe6e903000 	C:\WINDOWS\System32\RPCRT4.dll
0x00007ffe6cdc0000 - 0x00007ffe6cdc8000 	C:\WINDOWS\System32\PSAPI.DLL
0x00007ffe63160000 - 0x00007ffe6316a000 	C:\WINDOWS\SYSTEM32\VERSION.dll
0x00007ffe549c0000 - 0x00007ffe549c9000 	C:\WINDOWS\SYSTEM32\WSOCK32.dll
0x00007ffe61900000 - 0x00007ffe61927000 	C:\WINDOWS\SYSTEM32\WINMM.dll
0x00007ffe6ceb0000 - 0x00007ffe6cf1b000 	C:\WINDOWS\System32\WS2_32.dll
0x00007ffe6aa70000 - 0x00007ffe6aa83000 	C:\WINDOWS\SYSTEM32\kernel.appcore.dll
0x00007ffe65010000 - 0x00007ffe65020000 	C:\Program Files\RedHat\java-11-openjdk-11.0.7-1\bin\verify.dll
0x00007ffe6a770000 - 0x00007ffe6a954000 	C:\WINDOWS\SYSTEM32\DBGHELP.DLL
0x00007ffe544b0000 - 0x00007ffe544dc000 	C:\WINDOWS\SYSTEM32\dbgcore.DLL
0x00007ffe6c4e0000 - 0x00007ffe6c55f000 	C:\WINDOWS\System32\bcryptPrimitives.dll
0x00007ffe52430000 - 0x00007ffe52458000 	C:\Program Files\RedHat\java-11-openjdk-11.0.7-1\bin\java.dll
0x00007ffe54300000 - 0x00007ffe54317000 	C:\Program Files\RedHat\java-11-openjdk-11.0.7-1\bin\zip.dll
0x00007ffe60970000 - 0x00007ffe6097a000 	C:\Program Files\RedHat\java-11-openjdk-11.0.7-1\bin\jimage.dll
0x00007ffe6d070000 - 0x00007ffe6d7a4000 	C:\WINDOWS\System32\SHELL32.dll
0x00007ffe69f20000 - 0x00007ffe6a6ae000 	C:\WINDOWS\SYSTEM32\windows.storage.dll
0x00007ffe6da00000 - 0x00007ffe6dd53000 	C:\WINDOWS\System32\combase.dll
0x00007ffe6bbe0000 - 0x00007ffe6bc0b000 	C:\WINDOWS\SYSTEM32\Wldp.dll
0x00007ffe6e4a0000 - 0x00007ffe6e54e000 	C:\WINDOWS\System32\SHCORE.dll
0x00007ffe6e440000 - 0x00007ffe6e495000 	C:\WINDOWS\System32\shlwapi.dll
0x00007ffe6c0a0000 - 0x00007ffe6c0bf000 	C:\WINDOWS\SYSTEM32\profapi.dll
0x00007ffe4fbf0000 - 0x00007ffe4fc09000 	C:\Program Files\RedHat\java-11-openjdk-11.0.7-1\bin\net.dll
0x00007ffe64bd0000 - 0x00007ffe64cd0000 	C:\WINDOWS\SYSTEM32\WINHTTP.dll
0x00007ffe6b960000 - 0x00007ffe6b9ca000 	C:\WINDOWS\system32\mswsock.dll
0x00007ffe4dd90000 - 0x00007ffe4dda2000 	C:\Program Files\RedHat\java-11-openjdk-11.0.7-1\bin\nio.dll
0x00007ffe6b600000 - 0x00007ffe6b63b000 	C:\WINDOWS\SYSTEM32\IPHLPAPI.DLL
0x00007ffe6cdd0000 - 0x00007ffe6cdd9000 	C:\WINDOWS\System32\NSI.dll
0x00007ffe62b80000 - 0x00007ffe62b97000 	C:\WINDOWS\SYSTEM32\dhcpcsvc6.DLL
0x00007ffe63260000 - 0x00007ffe6327d000 	C:\WINDOWS\SYSTEM32\dhcpcsvc.DLL
0x00007ffe6b640000 - 0x00007ffe6b70a000 	C:\WINDOWS\SYSTEM32\DNSAPI.dll
0x00007ffe64650000 - 0x00007ffe6465a000 	C:\Windows\System32\rasadhlp.dll
0x00007ffe5a150000 - 0x00007ffe5a1cf000 	C:\WINDOWS\System32\fwpuclnt.dll
0x00007ffe6c740000 - 0x00007ffe6c767000 	C:\WINDOWS\System32\bcrypt.dll
0x00007ffe65700000 - 0x00007ffe65709000 	C:\Program Files\RedHat\java-11-openjdk-11.0.7-1\bin\management.dll
0x00007ffe58390000 - 0x00007ffe5839b000 	C:\Program Files\RedHat\java-11-openjdk-11.0.7-1\bin\management_ext.dll
0x00007ffe496f0000 - 0x00007ffe49707000 	C:\WINDOWS\system32\napinsp.dll
0x00007ffe496d0000 - 0x00007ffe496eb000 	C:\WINDOWS\system32\pnrpnsp.dll
0x00007ffe66ab0000 - 0x00007ffe66ac5000 	C:\WINDOWS\system32\wshbth.dll
0x00007ffe675b0000 - 0x00007ffe675cd000 	C:\WINDOWS\system32\NLAapi.dll
0x00007ffe496b0000 - 0x00007ffe496c2000 	C:\WINDOWS\System32\winrnr.dll
0x00007ffe6bb30000 - 0x00007ffe6bb48000 	C:\WINDOWS\SYSTEM32\CRYPTSP.dll
0x00007ffe6b280000 - 0x00007ffe6b2b4000 	C:\WINDOWS\system32\rsaenh.dll
0x00007ffe6c060000 - 0x00007ffe6c08e000 	C:\WINDOWS\SYSTEM32\USERENV.dll
0x00007ffe6bb50000 - 0x00007ffe6bb5c000 	C:\WINDOWS\SYSTEM32\CRYPTBASE.dll

dbghelp: loaded successfully - version: 4.0.5 - missing functions: none
symbol engine: initialized successfully - sym options: 0x614 - pdb path: .;C:\Program Files\RedHat\java-11-openjdk-11.0.7-1\bin;C:\WINDOWS\SYSTEM32;C:\WINDOWS\WinSxS\amd64_microsoft.windows.common-controls_6595b64144ccf1df_6.0.19041.1_none_b555e41d4684ddec;D:\cmder\vendor\conemu-maximus5\ConEmu;C:\Program Files\RedHat\java-11-openjdk-11.0.7-1\bin\server

VM Arguments:
jvm_args: -Xverify:none -XX:TieredStopAtLevel=1 
java_command: com.xyz.shippingservice.ShippingServiceApplication
java_class_path (initial): C:\Users\EDS\pessoais\shipping-service\target\classes;C:\Users\EDS\.m2\repository\org\springframework\boot\spring-boot-starter-validation\2.3.1.RELEASE\spring-boot-starter-validation-2.3.1.RELEASE.jar;C:\Users\EDS\.m2\repository\org\springframework\boot\spring-boot-starter\2.3.1.RELEASE\spring-boot-starter-2.3.1.RELEASE.jar;C:\Users\EDS\.m2\repository\org\springframework\boot\spring-boot\2.3.1.RELEASE\spring-boot-2.3.1.RELEASE.jar;C:\Users\EDS\.m2\repository\org\springframework\boot\spring-boot-autoconfigure\2.3.1.RELEASE\spring-boot-autoconfigure-2.3.1.RELEASE.jar;C:\Users\EDS\.m2\repository\org\springframework\boot\spring-boot-starter-logging\2.3.1.RELEASE\spring-boot-starter-logging-2.3.1.RELEASE.jar;C:\Users\EDS\.m2\repository\ch\qos\logback\logback-classic\1.2.3\logback-classic-1.2.3.jar;C:\Users\EDS\.m2\repository\ch\qos\logback\logback-core\1.2.3\logback-core-1.2.3.jar;C:\Users\EDS\.m2\repository\org\apache\logging\log4j\log4j-to-slf4j\2.13.3\log4j-to-slf4j-2.13.3.jar;C:\Users\EDS\.m2\repository\org\apache\logging\log4j\log4j-api\2.13.3\log4j-api-2.13.3.jar;C:\Users\EDS\.m2\repository\org\slf4j\jul-to-slf4j\1.7.30\jul-to-slf4j-1.7.30.jar;C:\Users\EDS\.m2\repository\jakarta\annotation\jakarta.annotation-api\1.3.5\jakarta.annotation-api-1.3.5.jar;C:\Users\EDS\.m2\repository\org\yaml\snakeyaml\1.26\snakeyaml-1.26.jar;C:\Users\EDS\.m2\repository\org\glassfish\jakarta.el\3.0.3\jakarta.el-3.0.3.jar;C:\Users\EDS\.m2\repository\org\hibernate\validator\hibernate-validator\6.1.5.Final\hibernate-validator-6.1.5.Final.jar;C:\Users\EDS\.m2\repository\jakarta\validation\jakarta.validation-api\2.0.2\jakarta.validation-api-2.0.2.jar;C:\Users\EDS\.m2\repository\org\jboss\logging\jboss-logging\3.4.1.Final\jboss-logging-3.4.1.Final.jar;C:\Users\EDS\.m2\repository\com\fasterxml\classmate\1.5.1\classmate-1.5.1.jar;C:\Users\EDS\.m2\repository\org\springframework\boot\spring-boot-starter-web\2.3.1.RELEASE\spring-boot-starter-web-2.3.1.RELEASE.jar;C:\Use
Launcher Type: SUN_STANDARD

[Global flags]
     bool BytecodeVerificationLocal                = false                                     {product} {command line}
     bool BytecodeVerificationRemote               = false                                     {product} {command line}
     intx CICompilerCount                          = 4                                         {product} {ergonomic}
     uint ConcGCThreads                            = 2                                         {product} {ergonomic}
     uint G1ConcRefinementThreads                  = 8                                         {product} {ergonomic}
   size_t G1HeapRegionSize                         = 1048576                                   {product} {ergonomic}
    uintx GCDrainStackTargetSize                   = 64                                        {product} {ergonomic}
   size_t InitialHeapSize                          = 268435456                                 {product} {ergonomic}
   size_t MarkStackSize                            = 4194304                                   {product} {ergonomic}
   size_t MaxHeapSize                              = 4269801472                                {product} {ergonomic}
   size_t MaxNewSize                               = 2561671168                                {product} {ergonomic}
   size_t MinHeapDeltaBytes                        = 1048576                                   {product} {ergonomic}
    uintx NonNMethodCodeHeapSize                   = 7549744                                {pd product} {ergonomic}
    uintx NonProfiledCodeHeapSize                  = 244108496                              {pd product} {ergonomic}
    uintx ProfiledCodeHeapSize                     = 0                                      {pd product} {ergonomic}
    uintx ReservedCodeCacheSize                    = 251658240                              {pd product} {ergonomic}
     bool SegmentedCodeCache                       = true                                      {product} {ergonomic}
     intx TieredStopAtLevel                        = 1                                         {product} {command line}
     bool UseCompressedClassPointers               = true                                 {lp64_product} {ergonomic}
     bool UseCompressedOops                        = true                                 {lp64_product} {ergonomic}
     bool UseG1GC                                  = true                                      {product} {ergonomic}
     bool UseLargePagesIndividualAllocation        = false                                  {pd product} {ergonomic}

Logging:
Log output configuration:
 #0: stdout all=warning uptime,level,tags
 #1: stderr all=off uptime,level,tags

Environment Variables:
JAVA_HOME=C:\Program Files\RedHat\java-11-openjdk-11.0.7-1\
PATH=D:\cmder\bin;D:\cmder\vendor\bin;D:\cmder\vendor\conemu-maximus5\ConEmu\Scripts;D:\cmder\vendor\conemu-maximus5;D:\cmder\vendor\conemu-maximus5\ConEmu;C:\WINDOWS\system32;C:\WINDOWS;C:\WINDOWS\System32\Wbem;C:\WINDOWS\System32\WindowsPowerShell\v1.0\;C:\WINDOWS\System32\OpenSSH\;C:\Program Files\TortoiseSVN\bin;D:\cmder\vendor\git-for-windows\bin;C:\Program Files\SafeNet\Authentication\SAC\x64;C:\Program Files\SafeNet\Authentication\SAC\x32;C:\Program Files\RedHat\java-11-openjdk-11.0.7-1\\bin;C:\Program Files\nodejs\;D:\chromedriver_win32;D:\apache-maven-3.6.3\bin;C:\Program Files\RedHat\java-11-openjdk-11.0.7-1\missioncontrol\;C:\Program Files\RedHat\java-11-openjdk-11.0.7-1\bin;C:\Users\EDS\AppData\Local\Microsoft\WindowsApps;%IntelliJ IDEA Community Edition%;C:\Users\EDS\AppData\Local\Programs\Microsoft VS Code\bin;C:\Users\EDS\AppData\Roaming\npm;D:\cmder\vendor\git-for-windows\cmd;D:\cmder\vendor\git-for-windows\mingw64\bin;D:\cmder\vendor\git-for-windows\usr\bin;D:\cmder
USERNAME=EDS
OS=Windows_NT
PROCESSOR_IDENTIFIER=Intel64 Family 6 Model 142 Stepping 10, GenuineIntel



---------------  S Y S T E M  ---------------

OS: Windows 10 , 64 bit Build 19041 (10.0.19041.292)
OS uptime: 0 days 18:57 hours

CPU:total 8 (initial active 8) (4 cores per cpu, 2 threads per core) family 6 model 142 stepping 10, cmov, cx8, fxsr, mmx, sse, sse2, sse3, ssse3, sse4.1, sse4.2, popcnt, avx, avx2, aes, clmul, erms, 3dnowpref, lzcnt, ht, tsc, tscinvbit, bmi1, bmi2, adx, fma

Memory: 4k page, system-wide physical 16281M (4052M free)
TotalPageFile size 20377M (AvailPageFile size 43M)
current process WorkingSet (physical memory assigned to process): 201M, peak: 201M
current process commit charge ("private bytes"): 393M, peak: 445M

vm_info: OpenJDK 64-Bit Server VM (11.0.7+10-LTS) for windows-amd64 JRE (11.0.7+10-LTS), built on Apr  9 2020 00:20:14 by "" with MS VC++ 15.9 (VS2017)

END.
